
Nov 18, 2020 20:33:11 PM com.mycompany.fire_alarm_system.LogGenerator <init>
Configured
CO Sensor:67
Duration:4
Volume:90
Log Interval:10
Email ID:hello@gmail.com
Nov 18, 2020 8:33:13 PM com.mycompany.fire_alarm_system.LogGenerator <init>
INFO: Floor 0:
Location: Room 1: 
CO Sensor 63.35 Heat Sensor 0.0 Smoke Sensor 0.0
Floor 1:
Floor 2:
Floor 3:
Floor 4:
Floor 5:

Nov 18, 2020 8:33:23 PM com.mycompany.fire_alarm_system.LogGenerator <init>
INFO: Floor 0:
Location: Room 1: 
CO Sensor 65.13 Heat Sensor 0.0 Smoke Sensor 0.0
Floor 1:
Floor 2:
Floor 3:
Floor 4:
Floor 5:

