Nov 17, 2020 11:57:59 PM com.mycompany.fire_alarm_system.LogGenerator <init>
INFO: Floor 0:
Location: Room 1: 
CO Sensor 54.13 Heat Sensor 0.0 Smoke Sensor 0.0
Floor 1:
Floor 2:
Floor 3:
Floor 4:
Floor 5:

Nov 17, 2020 11:58:09 PM com.mycompany.fire_alarm_system.LogGenerator <init>
INFO: Floor 0:
Location: Room 1: 
CO Sensor 54.13 Heat Sensor 0.0 Smoke Sensor 0.0
Floor 1:
Floor 2:
Floor 3:
Floor 4:
Floor 5:

Nov 17, 2020 11:58:19 PM com.mycompany.fire_alarm_system.LogGenerator <init>
INFO: Floor 0:
Location: Room 1: 
CO Sensor 82.42 Heat Sensor 0.0 Smoke Sensor 0.0
Floor 1:
Floor 2:
Floor 3:
Floor 4:
Floor 5:

Nov 17, 2020 11:58:29 PM com.mycompany.fire_alarm_system.LogGenerator <init>
INFO: Floor 0:
Location: Room 1: 
CO Sensor 58.17 Heat Sensor 0.0 Smoke Sensor 0.0
Floor 1:
Floor 2:
Floor 3:
Floor 4:
Floor 5:

Nov 17, 2020 11:58:39 PM com.mycompany.fire_alarm_system.LogGenerator <init>
INFO: Floor 0:
Location: Room 1: 
CO Sensor 67.94 Heat Sensor 0.0 Smoke Sensor 0.0
Floor 1:
Floor 2:
Floor 3:
Floor 4:
Floor 5:

Nov 17, 2020 11:58:49 PM com.mycompany.fire_alarm_system.LogGenerator <init>
INFO: Floor 0:
Location: Room 1: 
CO Sensor 54.47 Heat Sensor 0.0 Smoke Sensor 0.0
Floor 1:
Floor 2:
Floor 3:
Floor 4:
Floor 5:

Nov 17, 2020 11:58:59 PM com.mycompany.fire_alarm_system.LogGenerator <init>
INFO: Floor 0:
Location: Room 1: 
CO Sensor 57.14 Heat Sensor 0.0 Smoke Sensor 0.0
Floor 1:
Floor 2:
Floor 3:
Floor 4:
Floor 5:

Nov 17, 2020 11:59:09 PM com.mycompany.fire_alarm_system.LogGenerator <init>
INFO: Floor 0:
Location: Room 1: 
CO Sensor 56.4 Heat Sensor 0.0 Smoke Sensor 0.0
Floor 1:
Floor 2:
Floor 3:
Floor 4:
Floor 5:

Nov 17, 2020 11:59:19 PM com.mycompany.fire_alarm_system.LogGenerator <init>
INFO: Floor 0:
Location: Room 1: 
CO Sensor 65.7 Heat Sensor 0.0 Smoke Sensor 0.0
Floor 1:
Floor 2:
Floor 3:
Floor 4:
Floor 5:

Nov 17, 2020 11:59:29 PM com.mycompany.fire_alarm_system.LogGenerator <init>
INFO: Floor 0:
Location: Room 1: 
CO Sensor 72.95 Heat Sensor 0.0 Smoke Sensor 0.0
Floor 1:
Floor 2:
Floor 3:
Floor 4:
Floor 5:

Nov 17, 2020 11:59:39 PM com.mycompany.fire_alarm_system.LogGenerator <init>
INFO: Floor 0:
Location: Room 1: 
CO Sensor 72.09 Heat Sensor 0.0 Smoke Sensor 0.0
Floor 1:
Floor 2:
Floor 3:
Floor 4:
Floor 5:

Nov 17, 2020 11:59:49 PM com.mycompany.fire_alarm_system.LogGenerator <init>
INFO: Floor 0:
Location: Room 1: 
CO Sensor 52.12 Heat Sensor 0.0 Smoke Sensor 0.0
Floor 1:
Floor 2:
Floor 3:
Floor 4:
Floor 5:

Nov 17, 2020 11:59:59 PM com.mycompany.fire_alarm_system.LogGenerator <init>
INFO: Floor 0:
Location: Room 1: 
CO Sensor 67.55 Heat Sensor 0.0 Smoke Sensor 0.0
Floor 1:
Floor 2:
Floor 3:
Floor 4:
Floor 5:

Nov 18, 2020 12:00:09 AM com.mycompany.fire_alarm_system.LogGenerator <init>
INFO: Floor 0:
Location: Room 1: 
CO Sensor 86.77 Heat Sensor 0.0 Smoke Sensor 0.0
Floor 1:
Floor 2:
Floor 3:
Floor 4:
Floor 5:

Nov 18, 2020 12:00:19 AM com.mycompany.fire_alarm_system.LogGenerator <init>
INFO: Floor 0:
Location: Room 1: 
CO Sensor 79.56 Heat Sensor 0.0 Smoke Sensor 0.0
Floor 1:
Floor 2:
Floor 3:
Floor 4:
Floor 5:

Nov 18, 2020 12:00:29 AM com.mycompany.fire_alarm_system.LogGenerator <init>
INFO: Floor 0:
Location: Room 1: 
CO Sensor 65.49 Heat Sensor 0.0 Smoke Sensor 0.0
Floor 1:
Floor 2:
Floor 3:
Floor 4:
Floor 5:

Nov 18, 2020 12:00:39 AM com.mycompany.fire_alarm_system.LogGenerator <init>
INFO: Floor 0:
Location: Room 1: 
CO Sensor 58.6 Heat Sensor 0.0 Smoke Sensor 0.0
Floor 1:
Floor 2:
Floor 3:
Floor 4:
Floor 5:

Nov 18, 2020 12:00:49 AM com.mycompany.fire_alarm_system.LogGenerator <init>
INFO: Floor 0:
Location: Room 1: 
CO Sensor 53.8 Heat Sensor 0.0 Smoke Sensor 0.0
Floor 1:
Floor 2:
Floor 3:
Floor 4:
Floor 5:

Nov 18, 2020 12:00:59 AM com.mycompany.fire_alarm_system.LogGenerator <init>
INFO: Floor 0:
Location: Room 1: 
CO Sensor 58.11 Heat Sensor 0.0 Smoke Sensor 0.0
Floor 1:
Floor 2:
Floor 3:
Floor 4:
Floor 5:

Nov 18, 2020 12:01:09 AM com.mycompany.fire_alarm_system.LogGenerator <init>
INFO: Floor 0:
Location: Room 1: 
CO Sensor 69.07 Heat Sensor 0.0 Smoke Sensor 0.0
Floor 1:
Floor 2:
Floor 3:
Floor 4:
Floor 5:

Nov 18, 2020 12:02:19 AM com.mycompany.fire_alarm_system.LogGenerator <init>
INFO: Floor 0:
Location: Room 1: 
CO Sensor 37.78 Heat Sensor 0.0 Smoke Sensor 0.0
Floor 1:
Floor 2:
Floor 3:
Floor 4:
Floor 5:

Nov 18, 2020 12:02:29 AM com.mycompany.fire_alarm_system.LogGenerator <init>
INFO: Floor 0:
Location: Room 1: 
CO Sensor 52.43 Heat Sensor 0.0 Smoke Sensor 0.0
Floor 1:
Floor 2:
Floor 3:
Floor 4:
Floor 5:

Nov 18, 2020 12:02:40 AM com.mycompany.fire_alarm_system.LogGenerator <init>
INFO: Floor 0:
Location: Room 1: 
CO Sensor 38.38 Heat Sensor 0.0 Smoke Sensor 0.0
Floor 1:
Floor 2:
Floor 3:
Floor 4:
Floor 5:

Nov 18, 2020 12:03:57 AM com.mycompany.fire_alarm_system.LogGenerator <init>
INFO: Floor 0:
Location: Room 1: 
CO Sensor 54.98 Heat Sensor 0.0 Smoke Sensor 0.0
Floor 1:
Floor 2:
Floor 3:
Floor 4:
Floor 5:

